<?xml version="1.0" encoding="UTF-8"?>
<testng-results ignored="0" total="1" passed="1" failed="0" skipped="0">
  <reporter-output>
  </reporter-output>
  <suite started-at="2024-07-10T20:36:42 IST" name="Default suite" finished-at="2024-07-10T20:37:22 IST" duration-ms="39935">
    <groups>
    </groups>
    <test started-at="2024-07-10T20:36:42 IST" name="Default test" finished-at="2024-07-10T20:37:22 IST" duration-ms="39935">
      <class name="Demo.KycForAllBusinessTypes">
        <test-method is-config="true" signature="bsConfig()[pri:0, instance:Demo.KycForAllBusinessTypes@292b08d6]" started-at="2024-07-10T20:36:42 IST" name="bsConfig" finished-at="2024-07-10T20:36:42 IST" duration-ms="10" status="PASS">
          <reporter-output>
          </reporter-output>
        </test-method> <!-- bsConfig -->
        <test-method is-config="true" signature="bcConfig()[pri:0, instance:Demo.KycForAllBusinessTypes@292b08d6]" started-at="2024-07-10T20:36:42 IST" name="bcConfig" finished-at="2024-07-10T20:36:48 IST" duration-ms="5240" status="PASS">
          <reporter-output>
          </reporter-output>
        </test-method> <!-- bcConfig -->
        <test-method is-config="true" signature="bmConfig()[pri:0, instance:Demo.KycForAllBusinessTypes@292b08d6]" started-at="2024-07-10T20:36:48 IST" name="bmConfig" finished-at="2024-07-10T20:36:59 IST" duration-ms="11372" status="PASS">
          <reporter-output>
          </reporter-output>
        </test-method> <!-- bmConfig -->
        <test-method signature="KycForPropretor()[pri:0, instance:Demo.KycForAllBusinessTypes@292b08d6]" started-at="2024-07-10T20:36:59 IST" name="KycForPropretor" finished-at="2024-07-10T20:37:22 IST" duration-ms="23279" status="PASS">
          <reporter-output>
          </reporter-output>
        </test-method> <!-- KycForPropretor -->
        <test-method is-config="true" signature="asConfig()[pri:0, instance:Demo.KycForAllBusinessTypes@292b08d6]" started-at="2024-07-10T20:37:22 IST" name="asConfig" finished-at="2024-07-10T20:37:22 IST" duration-ms="2" status="PASS">
          <reporter-output>
          </reporter-output>
        </test-method> <!-- asConfig -->
      </class> <!-- Demo.KycForAllBusinessTypes -->
    </test> <!-- Default test -->
  </suite> <!-- Default suite -->
</testng-results>
