<?xml version="1.0" encoding="UTF-8"?>
<testng-results ignored="0" total="1" passed="1" failed="0" skipped="0">
  <reporter-output>
  </reporter-output>
  <suite started-at="2024-07-09T12:47:46 IST" name="Default suite" finished-at="2024-07-09T12:48:09 IST" duration-ms="22926">
    <groups>
    </groups>
    <test started-at="2024-07-09T12:47:46 IST" name="Default test" finished-at="2024-07-09T12:48:09 IST" duration-ms="22926">
      <class name="Demo.BaseClassLoginDemo">
        <test-method is-config="true" signature="bsConfig()[pri:0, instance:Demo.BaseClassLoginDemo@45752059]" started-at="2024-07-09T12:47:46 IST" name="bsConfig" finished-at="2024-07-09T12:47:46 IST" duration-ms="11" status="PASS">
          <reporter-output>
          </reporter-output>
        </test-method> <!-- bsConfig -->
        <test-method is-config="true" signature="bcConfig()[pri:0, instance:Demo.BaseClassLoginDemo@45752059]" started-at="2024-07-09T12:47:46 IST" name="bcConfig" finished-at="2024-07-09T12:47:49 IST" duration-ms="3515" status="PASS">
          <reporter-output>
          </reporter-output>
        </test-method> <!-- bcConfig -->
        <test-method is-config="true" signature="bmConfig()[pri:0, instance:Demo.BaseClassLoginDemo@45752059]" started-at="2024-07-09T12:47:49 IST" name="bmConfig" finished-at="2024-07-09T12:48:00 IST" duration-ms="11292" status="PASS">
          <reporter-output>
          </reporter-output>
        </test-method> <!-- bmConfig -->
        <test-method signature="loginToApplication()[pri:0, instance:Demo.BaseClassLoginDemo@45752059]" started-at="2024-07-09T12:48:00 IST" name="loginToApplication" finished-at="2024-07-09T12:48:00 IST" duration-ms="19" status="PASS">
          <reporter-output>
          </reporter-output>
        </test-method> <!-- loginToApplication -->
        <test-method is-config="true" signature="amConfig()[pri:0, instance:Demo.BaseClassLoginDemo@45752059]" started-at="2024-07-09T12:48:00 IST" name="amConfig" finished-at="2024-07-09T12:48:07 IST" duration-ms="6796" status="PASS">
          <reporter-output>
          </reporter-output>
        </test-method> <!-- amConfig -->
        <test-method is-config="true" signature="acConfig()[pri:0, instance:Demo.BaseClassLoginDemo@45752059]" started-at="2024-07-09T12:48:07 IST" name="acConfig" finished-at="2024-07-09T12:48:09 IST" duration-ms="1267" status="PASS">
          <reporter-output>
          </reporter-output>
        </test-method> <!-- acConfig -->
        <test-method is-config="true" signature="asConfig()[pri:0, instance:Demo.BaseClassLoginDemo@45752059]" started-at="2024-07-09T12:48:09 IST" name="asConfig" finished-at="2024-07-09T12:48:09 IST" duration-ms="0" status="PASS">
          <reporter-output>
          </reporter-output>
        </test-method> <!-- asConfig -->
      </class> <!-- Demo.BaseClassLoginDemo -->
    </test> <!-- Default test -->
  </suite> <!-- Default suite -->
</testng-results>
